
  .   ____          _            __ _ _
 /\\ / ___'_ __ _ _(_)_ __  __ _ \ \ \ \
( ( )\___ | '_ | '_| | '_ \/ _` | \ \ \ \
 \\/  ___)| |_)| | | | | || (_| |  ) ) ) )
  '  |____| .__|_| |_|_| |_\__, | / / / /
 =========|_|==============|___/=/_/_/_/
 :: Spring Boot ::                (v3.0.1)

2023-01-01T20:42:47.523+01:00  INFO 19675 --- [           main] i.d.apigateway.ApiGatewayApplicationKt   : Starting ApiGatewayApplicationKt v0.0.1-SNAPSHOT using Java 19.0.1 with PID 19675 (/home/dimit/Documents/Programming/Personal-Projects/Bugtracker-2.0-backend/api-gateway/target/api-gateway-0.0.1-SNAPSHOT.jar started by dimit in /home/dimit/Documents/Programming/Personal-Projects/Bugtracker-2.0-backend)
2023-01-01T20:42:47.530+01:00  INFO 19675 --- [           main] i.d.apigateway.ApiGatewayApplicationKt   : No active profile set, falling back to 1 default profile: "default"
2023-01-01T20:42:47.637+01:00  INFO 19675 --- [           main] o.s.c.c.c.ConfigServerConfigDataLoader   : Fetching config from server at : http://localhost:8888/
2023-01-01T20:42:47.637+01:00  INFO 19675 --- [           main] o.s.c.c.c.ConfigServerConfigDataLoader   : Connect Timeout Exception on Url - http://localhost:8888/. Will try the next url if available
2023-01-01T20:42:47.637+01:00  WARN 19675 --- [           main] o.s.c.c.c.ConfigServerConfigDataLoader   : Could not locate PropertySource ([ConfigServerConfigDataResource@72d1ad2e uris = array<String>['http://localhost:8888/'], optional = true, profiles = list['default']]): I/O error on GET request for "http://localhost:8888/api-gateway/default": Connection refused
2023-01-01T20:42:49.687+01:00  INFO 19675 --- [           main] o.s.cloud.context.scope.GenericScope     : BeanFactory id=fec84ffe-98a1-3deb-8495-7b666586c7cd
2023-01-01T20:42:49.771+01:00  INFO 19675 --- [           main] trationDelegate$BeanPostProcessorChecker : Bean 'org.springframework.cloud.client.loadbalancer.reactive.LoadBalancerBeanPostProcessorAutoConfiguration' of type [org.springframework.cloud.client.loadbalancer.reactive.LoadBalancerBeanPostProcessorAutoConfiguration] is not eligible for getting processed by all BeanPostProcessors (for example: not eligible for auto-proxying)
2023-01-01T20:42:49.773+01:00  INFO 19675 --- [           main] trationDelegate$BeanPostProcessorChecker : Bean 'org.springframework.cloud.client.loadbalancer.reactive.LoadBalancerBeanPostProcessorAutoConfiguration$ReactorDeferringLoadBalancerFilterConfig' of type [org.springframework.cloud.client.loadbalancer.reactive.LoadBalancerBeanPostProcessorAutoConfiguration$ReactorDeferringLoadBalancerFilterConfig] is not eligible for getting processed by all BeanPostProcessors (for example: not eligible for auto-proxying)
2023-01-01T20:42:49.774+01:00  INFO 19675 --- [           main] trationDelegate$BeanPostProcessorChecker : Bean 'reactorDeferringLoadBalancerExchangeFilterFunction' of type [org.springframework.cloud.client.loadbalancer.reactive.DeferringLoadBalancerExchangeFilterFunction] is not eligible for getting processed by all BeanPostProcessors (for example: not eligible for auto-proxying)
2023-01-01T20:42:51.341+01:00  INFO 19675 --- [           main] o.s.c.g.r.RouteDefinitionRouteLocator    : Loaded RoutePredicateFactory [After]
2023-01-01T20:42:51.341+01:00  INFO 19675 --- [           main] o.s.c.g.r.RouteDefinitionRouteLocator    : Loaded RoutePredicateFactory [Before]
2023-01-01T20:42:51.341+01:00  INFO 19675 --- [           main] o.s.c.g.r.RouteDefinitionRouteLocator    : Loaded RoutePredicateFactory [Between]
2023-01-01T20:42:51.341+01:00  INFO 19675 --- [           main] o.s.c.g.r.RouteDefinitionRouteLocator    : Loaded RoutePredicateFactory [Cookie]
2023-01-01T20:42:51.341+01:00  INFO 19675 --- [           main] o.s.c.g.r.RouteDefinitionRouteLocator    : Loaded RoutePredicateFactory [Header]
2023-01-01T20:42:51.341+01:00  INFO 19675 --- [           main] o.s.c.g.r.RouteDefinitionRouteLocator    : Loaded RoutePredicateFactory [Host]
2023-01-01T20:42:51.341+01:00  INFO 19675 --- [           main] o.s.c.g.r.RouteDefinitionRouteLocator    : Loaded RoutePredicateFactory [Method]
2023-01-01T20:42:51.341+01:00  INFO 19675 --- [           main] o.s.c.g.r.RouteDefinitionRouteLocator    : Loaded RoutePredicateFactory [Path]
2023-01-01T20:42:51.341+01:00  INFO 19675 --- [           main] o.s.c.g.r.RouteDefinitionRouteLocator    : Loaded RoutePredicateFactory [Query]
2023-01-01T20:42:51.341+01:00  INFO 19675 --- [           main] o.s.c.g.r.RouteDefinitionRouteLocator    : Loaded RoutePredicateFactory [ReadBody]
2023-01-01T20:42:51.341+01:00  INFO 19675 --- [           main] o.s.c.g.r.RouteDefinitionRouteLocator    : Loaded RoutePredicateFactory [RemoteAddr]
2023-01-01T20:42:51.342+01:00  INFO 19675 --- [           main] o.s.c.g.r.RouteDefinitionRouteLocator    : Loaded RoutePredicateFactory [XForwardedRemoteAddr]
2023-01-01T20:42:51.342+01:00  INFO 19675 --- [           main] o.s.c.g.r.RouteDefinitionRouteLocator    : Loaded RoutePredicateFactory [Weight]
2023-01-01T20:42:51.342+01:00  INFO 19675 --- [           main] o.s.c.g.r.RouteDefinitionRouteLocator    : Loaded RoutePredicateFactory [CloudFoundryRouteService]
2023-01-01T20:42:52.814+01:00  INFO 19675 --- [           main] o.s.b.a.e.web.EndpointLinksResolver      : Exposing 1 endpoint(s) beneath base path '/actuator'
2023-01-01T20:42:53.492+01:00  INFO 19675 --- [           main] DiscoveryClientOptionalArgsConfiguration : Eureka HTTP Client uses RestTemplate.
2023-01-01T20:42:53.562+01:00  WARN 19675 --- [           main] iguration$LoadBalancerCaffeineWarnLogger : Spring Cloud LoadBalancer is currently working with the default cache. While this cache implementation is useful for development and tests, it's recommended to use Caffeine cache in production.You can switch to using Caffeine cache, by adding it and org.springframework.cache.caffeine.CaffeineCacheManager to the classpath.
2023-01-01T20:42:53.650+01:00  INFO 19675 --- [           main] o.s.c.n.eureka.InstanceInfoFactory       : Setting initial instance status as: STARTING
2023-01-01T20:42:53.803+01:00  INFO 19675 --- [           main] com.netflix.discovery.DiscoveryClient    : Initializing Eureka in region us-east-1
2023-01-01T20:42:53.814+01:00  INFO 19675 --- [           main] c.n.d.s.r.aws.ConfigClusterResolver      : Resolving eureka endpoints via configuration
2023-01-01T20:42:53.853+01:00  INFO 19675 --- [           main] com.netflix.discovery.DiscoveryClient    : Disable delta property : false
2023-01-01T20:42:53.853+01:00  INFO 19675 --- [           main] com.netflix.discovery.DiscoveryClient    : Single vip registry refresh property : null
2023-01-01T20:42:53.853+01:00  INFO 19675 --- [           main] com.netflix.discovery.DiscoveryClient    : Force full registry fetch : false
2023-01-01T20:42:53.853+01:00  INFO 19675 --- [           main] com.netflix.discovery.DiscoveryClient    : Application is null : false
2023-01-01T20:42:53.853+01:00  INFO 19675 --- [           main] com.netflix.discovery.DiscoveryClient    : Registered Applications size is zero : true
2023-01-01T20:42:53.853+01:00  INFO 19675 --- [           main] com.netflix.discovery.DiscoveryClient    : Application version is -1: true
2023-01-01T20:42:53.853+01:00  INFO 19675 --- [           main] com.netflix.discovery.DiscoveryClient    : Getting all instance registry info from the eureka server
2023-01-01T20:42:54.515+01:00  INFO 19675 --- [           main] com.netflix.discovery.DiscoveryClient    : The response status is 200
2023-01-01T20:42:54.523+01:00  INFO 19675 --- [           main] com.netflix.discovery.DiscoveryClient    : Starting heartbeat executor: renew interval is: 30
2023-01-01T20:42:54.541+01:00  INFO 19675 --- [           main] c.n.discovery.InstanceInfoReplicator     : InstanceInfoReplicator onDemand update allowed rate per min is 4
2023-01-01T20:42:54.556+01:00  INFO 19675 --- [           main] com.netflix.discovery.DiscoveryClient    : Discovery Client initialized at timestamp 1672602174555 with initial instances count: 1
2023-01-01T20:42:54.559+01:00  INFO 19675 --- [           main] o.s.c.n.e.s.EurekaServiceRegistry        : Registering application API-GATEWAY with eureka with status UP
2023-01-01T20:42:54.560+01:00  INFO 19675 --- [           main] com.netflix.discovery.DiscoveryClient    : Saw local status change event StatusChangeEvent [timestamp=1672602174560, current=UP, previous=STARTING]
2023-01-01T20:42:54.563+01:00  INFO 19675 --- [nfoReplicator-0] com.netflix.discovery.DiscoveryClient    : DiscoveryClient_API-GATEWAY/192.168.1.150:api-gateway: registering service...
2023-01-01T20:42:54.717+01:00  INFO 19675 --- [nfoReplicator-0] com.netflix.discovery.DiscoveryClient    : DiscoveryClient_API-GATEWAY/192.168.1.150:api-gateway - registration status: 204
2023-01-01T20:42:54.884+01:00  INFO 19675 --- [           main] o.s.b.web.embedded.netty.NettyWebServer  : Netty started on port 8080
2023-01-01T20:42:54.886+01:00  INFO 19675 --- [           main] .s.c.n.e.s.EurekaAutoServiceRegistration : Updating port to 8080
2023-01-01T20:42:55.242+01:00  INFO 19675 --- [           main] i.d.apigateway.ApiGatewayApplicationKt   : Started ApiGatewayApplicationKt in 9.424 seconds (process running for 10.219)
