
  .   ____          _            __ _ _
 /\\ / ___'_ __ _ _(_)_ __  __ _ \ \ \ \
( ( )\___ | '_ | '_| | '_ \/ _` | \ \ \ \
 \\/  ___)| |_)| | | | | || (_| |  ) ) ) )
  '  |____| .__|_| |_|_| |_\__, | / / / /
 =========|_|==============|___/=/_/_/_/
 :: Spring Boot ::                (v3.0.1)

2023-01-01T20:42:46.895+01:00  INFO 19674 --- [           main] i.d.p.ProjectServiceApplicationKt        : Starting ProjectServiceApplicationKt v0.0.1-SNAPSHOT using Java 19.0.1 with PID 19674 (/home/dimit/Documents/Programming/Personal-Projects/Bugtracker-2.0-backend/project-service/target/project-service-0.0.1-SNAPSHOT.jar started by dimit in /home/dimit/Documents/Programming/Personal-Projects/Bugtracker-2.0-backend)
2023-01-01T20:42:46.899+01:00  INFO 19674 --- [           main] i.d.p.ProjectServiceApplicationKt        : No active profile set, falling back to 1 default profile: "default"
2023-01-01T20:42:48.756+01:00  INFO 19674 --- [           main] .s.d.r.c.RepositoryConfigurationDelegate : Bootstrapping Spring Data JPA repositories in DEFAULT mode.
2023-01-01T20:42:48.992+01:00  INFO 19674 --- [           main] .s.d.r.c.RepositoryConfigurationDelegate : Finished Spring Data repository scanning in 226 ms. Found 1 JPA repository interfaces.
2023-01-01T20:42:49.391+01:00  INFO 19674 --- [           main] o.s.cloud.context.scope.GenericScope     : BeanFactory id=4d6ee9e4-ff2b-35e6-b85e-31ee6b9b90d4
2023-01-01T20:42:49.614+01:00  INFO 19674 --- [           main] trationDelegate$BeanPostProcessorChecker : Bean 'org.springframework.cloud.client.loadbalancer.reactive.LoadBalancerBeanPostProcessorAutoConfiguration' of type [org.springframework.cloud.client.loadbalancer.reactive.LoadBalancerBeanPostProcessorAutoConfiguration] is not eligible for getting processed by all BeanPostProcessors (for example: not eligible for auto-proxying)
2023-01-01T20:42:49.616+01:00  INFO 19674 --- [           main] trationDelegate$BeanPostProcessorChecker : Bean 'org.springframework.cloud.client.loadbalancer.reactive.LoadBalancerBeanPostProcessorAutoConfiguration$ReactorDeferringLoadBalancerFilterConfig' of type [org.springframework.cloud.client.loadbalancer.reactive.LoadBalancerBeanPostProcessorAutoConfiguration$ReactorDeferringLoadBalancerFilterConfig] is not eligible for getting processed by all BeanPostProcessors (for example: not eligible for auto-proxying)
2023-01-01T20:42:49.626+01:00  INFO 19674 --- [           main] trationDelegate$BeanPostProcessorChecker : Bean 'reactorDeferringLoadBalancerExchangeFilterFunction' of type [org.springframework.cloud.client.loadbalancer.reactive.DeferringLoadBalancerExchangeFilterFunction] is not eligible for getting processed by all BeanPostProcessors (for example: not eligible for auto-proxying)
2023-01-01T20:42:49.957+01:00  INFO 19674 --- [           main] o.s.b.w.embedded.tomcat.TomcatWebServer  : Tomcat initialized with port(s): 8091 (http)
2023-01-01T20:42:49.974+01:00  INFO 19674 --- [           main] o.apache.catalina.core.StandardService   : Starting service [Tomcat]
2023-01-01T20:42:49.974+01:00  INFO 19674 --- [           main] o.apache.catalina.core.StandardEngine    : Starting Servlet engine: [Apache Tomcat/10.1.4]
2023-01-01T20:42:50.083+01:00  INFO 19674 --- [           main] o.a.c.c.C.[Tomcat].[localhost].[/]       : Initializing Spring embedded WebApplicationContext
2023-01-01T20:42:50.086+01:00  INFO 19674 --- [           main] w.s.c.ServletWebServerApplicationContext : Root WebApplicationContext: initialization completed in 3098 ms
2023-01-01T20:42:50.547+01:00  INFO 19674 --- [           main] o.hibernate.jpa.internal.util.LogHelper  : HHH000204: Processing PersistenceUnitInfo [name: default]
2023-01-01T20:42:50.608+01:00  INFO 19674 --- [           main] org.hibernate.Version                    : HHH000412: Hibernate ORM core version 6.1.6.Final
2023-01-01T20:42:50.835+01:00  WARN 19674 --- [           main] org.hibernate.orm.deprecation            : HHH90000021: Encountered deprecated setting [javax.persistence.sharedCache.mode], use [jakarta.persistence.sharedCache.mode] instead
2023-01-01T20:42:50.985+01:00  INFO 19674 --- [           main] com.zaxxer.hikari.HikariDataSource       : HikariPool-1 - Starting...
2023-01-01T20:42:51.387+01:00  INFO 19674 --- [           main] com.zaxxer.hikari.pool.HikariPool        : HikariPool-1 - Added connection com.mysql.cj.jdbc.ConnectionImpl@783115d9
2023-01-01T20:42:51.393+01:00  INFO 19674 --- [           main] com.zaxxer.hikari.HikariDataSource       : HikariPool-1 - Start completed.
2023-01-01T20:42:51.413+01:00  WARN 19674 --- [           main] o.h.e.j.e.i.JdbcEnvironmentInitiator     : HHH000342: Could not obtain connection to query metadata

org.hibernate.boot.registry.selector.spi.StrategySelectionException: Could not instantiate named strategy class [org.hibernate.dialect.H2Dialect]
	at org.hibernate.boot.registry.selector.internal.StrategySelectorImpl.resolveStrategy(StrategySelectorImpl.java:245) ~[hibernate-core-6.1.6.Final.jar!/:6.1.6.Final]
	at org.hibernate.boot.registry.selector.internal.StrategySelectorImpl.resolveStrategy(StrategySelectorImpl.java:190) ~[hibernate-core-6.1.6.Final.jar!/:6.1.6.Final]
	at org.hibernate.engine.jdbc.dialect.internal.DialectFactoryImpl.constructDialect(DialectFactoryImpl.java:96) ~[hibernate-core-6.1.6.Final.jar!/:6.1.6.Final]
	at org.hibernate.engine.jdbc.dialect.internal.DialectFactoryImpl.buildDialect(DialectFactoryImpl.java:59) ~[hibernate-core-6.1.6.Final.jar!/:6.1.6.Final]
	at org.hibernate.engine.jdbc.env.internal.JdbcEnvironmentInitiator.initiateService(JdbcEnvironmentInitiator.java:206) ~[hibernate-core-6.1.6.Final.jar!/:6.1.6.Final]
	at org.hibernate.engine.jdbc.env.internal.JdbcEnvironmentInitiator.initiateService(JdbcEnvironmentInitiator.java:36) ~[hibernate-core-6.1.6.Final.jar!/:6.1.6.Final]
	at org.hibernate.boot.registry.internal.StandardServiceRegistryImpl.initiateService(StandardServiceRegistryImpl.java:119) ~[hibernate-core-6.1.6.Final.jar!/:6.1.6.Final]
	at org.hibernate.service.internal.AbstractServiceRegistryImpl.createService(AbstractServiceRegistryImpl.java:255) ~[hibernate-core-6.1.6.Final.jar!/:6.1.6.Final]
	at org.hibernate.service.internal.AbstractServiceRegistryImpl.initializeService(AbstractServiceRegistryImpl.java:230) ~[hibernate-core-6.1.6.Final.jar!/:6.1.6.Final]
	at org.hibernate.service.internal.AbstractServiceRegistryImpl.getService(AbstractServiceRegistryImpl.java:207) ~[hibernate-core-6.1.6.Final.jar!/:6.1.6.Final]
	at org.hibernate.boot.model.relational.Database.<init>(Database.java:44) ~[hibernate-core-6.1.6.Final.jar!/:6.1.6.Final]
	at org.hibernate.boot.internal.InFlightMetadataCollectorImpl.getDatabase(InFlightMetadataCollectorImpl.java:218) ~[hibernate-core-6.1.6.Final.jar!/:6.1.6.Final]
	at org.hibernate.boot.internal.InFlightMetadataCollectorImpl.<init>(InFlightMetadataCollectorImpl.java:191) ~[hibernate-core-6.1.6.Final.jar!/:6.1.6.Final]
	at org.hibernate.boot.model.process.spi.MetadataBuildingProcess.complete(MetadataBuildingProcess.java:138) ~[hibernate-core-6.1.6.Final.jar!/:6.1.6.Final]
	at org.hibernate.jpa.boot.internal.EntityManagerFactoryBuilderImpl.metadata(EntityManagerFactoryBuilderImpl.java:1350) ~[hibernate-core-6.1.6.Final.jar!/:6.1.6.Final]
	at org.hibernate.jpa.boot.internal.EntityManagerFactoryBuilderImpl.build(EntityManagerFactoryBuilderImpl.java:1421) ~[hibernate-core-6.1.6.Final.jar!/:6.1.6.Final]
	at org.springframework.orm.jpa.vendor.SpringHibernateJpaPersistenceProvider.createContainerEntityManagerFactory(SpringHibernateJpaPersistenceProvider.java:66) ~[spring-orm-6.0.3.jar!/:6.0.3]
	at org.springframework.orm.jpa.LocalContainerEntityManagerFactoryBean.createNativeEntityManagerFactory(LocalContainerEntityManagerFactoryBean.java:376) ~[spring-orm-6.0.3.jar!/:6.0.3]
	at org.springframework.orm.jpa.AbstractEntityManagerFactoryBean.buildNativeEntityManagerFactory(AbstractEntityManagerFactoryBean.java:409) ~[spring-orm-6.0.3.jar!/:6.0.3]
	at org.springframework.orm.jpa.AbstractEntityManagerFactoryBean.afterPropertiesSet(AbstractEntityManagerFactoryBean.java:396) ~[spring-orm-6.0.3.jar!/:6.0.3]
	at org.springframework.orm.jpa.LocalContainerEntityManagerFactoryBean.afterPropertiesSet(LocalContainerEntityManagerFactoryBean.java:352) ~[spring-orm-6.0.3.jar!/:6.0.3]
	at org.springframework.beans.factory.support.AbstractAutowireCapableBeanFactory.invokeInitMethods(AbstractAutowireCapableBeanFactory.java:1797) ~[spring-beans-6.0.3.jar!/:6.0.3]
	at org.springframework.beans.factory.support.AbstractAutowireCapableBeanFactory.initializeBean(AbstractAutowireCapableBeanFactory.java:1747) ~[spring-beans-6.0.3.jar!/:6.0.3]
	at org.springframework.beans.factory.support.AbstractAutowireCapableBeanFactory.doCreateBean(AbstractAutowireCapableBeanFactory.java:599) ~[spring-beans-6.0.3.jar!/:6.0.3]
	at org.springframework.beans.factory.support.AbstractAutowireCapableBeanFactory.createBean(AbstractAutowireCapableBeanFactory.java:521) ~[spring-beans-6.0.3.jar!/:6.0.3]
	at org.springframework.beans.factory.support.AbstractBeanFactory.lambda$doGetBean$0(AbstractBeanFactory.java:326) ~[spring-beans-6.0.3.jar!/:6.0.3]
	at org.springframework.beans.factory.support.DefaultSingletonBeanRegistry.getSingleton(DefaultSingletonBeanRegistry.java:234) ~[spring-beans-6.0.3.jar!/:6.0.3]
	at org.springframework.beans.factory.support.AbstractBeanFactory.doGetBean(AbstractBeanFactory.java:324) ~[spring-beans-6.0.3.jar!/:6.0.3]
	at org.springframework.beans.factory.support.AbstractBeanFactory.getBean(AbstractBeanFactory.java:200) ~[spring-beans-6.0.3.jar!/:6.0.3]
	at org.springframework.context.support.AbstractApplicationContext.getBean(AbstractApplicationContext.java:1130) ~[spring-context-6.0.3.jar!/:6.0.3]
	at org.springframework.context.support.AbstractApplicationContext.finishBeanFactoryInitialization(AbstractApplicationContext.java:905) ~[spring-context-6.0.3.jar!/:6.0.3]
	at org.springframework.context.support.AbstractApplicationContext.refresh(AbstractApplicationContext.java:584) ~[spring-context-6.0.3.jar!/:6.0.3]
	at org.springframework.boot.web.servlet.context.ServletWebServerApplicationContext.refresh(ServletWebServerApplicationContext.java:146) ~[spring-boot-3.0.1.jar!/:3.0.1]
	at org.springframework.boot.SpringApplication.refresh(SpringApplication.java:730) ~[spring-boot-3.0.1.jar!/:3.0.1]
	at org.springframework.boot.SpringApplication.refreshContext(SpringApplication.java:432) ~[spring-boot-3.0.1.jar!/:3.0.1]
	at org.springframework.boot.SpringApplication.run(SpringApplication.java:308) ~[spring-boot-3.0.1.jar!/:3.0.1]
	at org.springframework.boot.SpringApplication.run(SpringApplication.java:1302) ~[spring-boot-3.0.1.jar!/:3.0.1]
	at org.springframework.boot.SpringApplication.run(SpringApplication.java:1291) ~[spring-boot-3.0.1.jar!/:3.0.1]
	at io.dnajd.projectservice.ProjectServiceApplicationKt.main(ProjectServiceApplication.kt:13) ~[classes!/:0.0.1-SNAPSHOT]
	at java.base/jdk.internal.reflect.DirectMethodHandleAccessor.invoke(DirectMethodHandleAccessor.java:104) ~[na:na]
	at java.base/java.lang.reflect.Method.invoke(Method.java:578) ~[na:na]
	at org.springframework.boot.loader.MainMethodRunner.run(MainMethodRunner.java:49) ~[project-service-0.0.1-SNAPSHOT.jar:0.0.1-SNAPSHOT]
	at org.springframework.boot.loader.Launcher.launch(Launcher.java:95) ~[project-service-0.0.1-SNAPSHOT.jar:0.0.1-SNAPSHOT]
	at org.springframework.boot.loader.Launcher.launch(Launcher.java:58) ~[project-service-0.0.1-SNAPSHOT.jar:0.0.1-SNAPSHOT]
	at org.springframework.boot.loader.JarLauncher.main(JarLauncher.java:65) ~[project-service-0.0.1-SNAPSHOT.jar:0.0.1-SNAPSHOT]
Caused by: org.hibernate.boot.registry.selector.spi.StrategySelectionException: Could not instantiate named dialect class [org.hibernate.dialect.H2Dialect]
	at org.hibernate.engine.jdbc.dialect.internal.DialectFactoryImpl.lambda$constructDialect$0(DialectFactoryImpl.java:116) ~[hibernate-core-6.1.6.Final.jar!/:6.1.6.Final]
	at org.hibernate.boot.registry.selector.internal.StrategySelectorImpl.resolveStrategy(StrategySelectorImpl.java:241) ~[hibernate-core-6.1.6.Final.jar!/:6.1.6.Final]
	... 44 common frames omitted
Caused by: java.lang.reflect.InvocationTargetException: null
	at java.base/jdk.internal.reflect.DirectConstructorHandleAccessor.newInstance(DirectConstructorHandleAccessor.java:79) ~[na:na]
	at java.base/java.lang.reflect.Constructor.newInstanceWithCaller(Constructor.java:500) ~[na:na]
	at java.base/java.lang.reflect.Constructor.newInstance(Constructor.java:484) ~[na:na]
	at org.hibernate.engine.jdbc.dialect.internal.DialectFactoryImpl.lambda$constructDialect$0(DialectFactoryImpl.java:104) ~[hibernate-core-6.1.6.Final.jar!/:6.1.6.Final]
	... 45 common frames omitted
Caused by: java.lang.NumberFormatException: For input string: "31-0ubuntu0"
	at java.base/java.lang.NumberFormatException.forInputString(NumberFormatException.java:67) ~[na:na]
	at java.base/java.lang.Integer.parseInt(Integer.java:665) ~[na:na]
	at java.base/java.lang.Integer.parseInt(Integer.java:781) ~[na:na]
	at org.hibernate.dialect.H2Dialect.parseBuildId(H2Dialect.java:174) ~[hibernate-core-6.1.6.Final.jar!/:6.1.6.Final]
	at org.hibernate.dialect.H2Dialect.parseVersion(H2Dialect.java:164) ~[hibernate-core-6.1.6.Final.jar!/:6.1.6.Final]
	at org.hibernate.dialect.H2Dialect.<init>(H2Dialect.java:120) ~[hibernate-core-6.1.6.Final.jar!/:6.1.6.Final]
	at java.base/jdk.internal.reflect.DirectConstructorHandleAccessor.newInstance(DirectConstructorHandleAccessor.java:67) ~[na:na]
	... 48 common frames omitted

2023-01-01T20:42:51.429+01:00  WARN 19674 --- [           main] org.hibernate.dialect.H2Dialect          : HHH000393: The 0.0.0 version of H2 implements temporary table creation such that it commits current transaction; multi-table, bulk hql/jpaql will not work properly
2023-01-01T20:42:51.430+01:00  INFO 19674 --- [           main] SQL dialect                              : HHH000400: Using dialect: org.hibernate.dialect.H2Dialect
2023-01-01T20:42:52.383+01:00  WARN 19674 --- [           main] o.h.t.s.i.ExceptionHandlerLoggedImpl     : GenerationTarget encountered exception accepting command : Error executing DDL "create table project (id bigint generated by default as identity, created_at timestamp(6), description varchar(255), owner_id bigint, title varchar(255), primary key (id))" via JDBC Statement

org.hibernate.tool.schema.spi.CommandAcceptanceException: Error executing DDL "create table project (id bigint generated by default as identity, created_at timestamp(6), description varchar(255), owner_id bigint, title varchar(255), primary key (id))" via JDBC Statement
	at org.hibernate.tool.schema.internal.exec.GenerationTargetToDatabase.accept(GenerationTargetToDatabase.java:67) ~[hibernate-core-6.1.6.Final.jar!/:6.1.6.Final]
	at org.hibernate.tool.schema.internal.AbstractSchemaMigrator.applySqlString(AbstractSchemaMigrator.java:587) ~[hibernate-core-6.1.6.Final.jar!/:6.1.6.Final]
	at org.hibernate.tool.schema.internal.AbstractSchemaMigrator.applySqlStrings(AbstractSchemaMigrator.java:532) ~[hibernate-core-6.1.6.Final.jar!/:6.1.6.Final]
	at org.hibernate.tool.schema.internal.AbstractSchemaMigrator.createTable(AbstractSchemaMigrator.java:307) ~[hibernate-core-6.1.6.Final.jar!/:6.1.6.Final]
	at org.hibernate.tool.schema.internal.GroupedSchemaMigratorImpl.performTablesMigration(GroupedSchemaMigratorImpl.java:79) ~[hibernate-core-6.1.6.Final.jar!/:6.1.6.Final]
	at org.hibernate.tool.schema.internal.AbstractSchemaMigrator.performMigration(AbstractSchemaMigrator.java:225) ~[hibernate-core-6.1.6.Final.jar!/:6.1.6.Final]
	at org.hibernate.tool.schema.internal.AbstractSchemaMigrator.doMigration(AbstractSchemaMigrator.java:126) ~[hibernate-core-6.1.6.Final.jar!/:6.1.6.Final]
	at org.hibernate.tool.schema.spi.SchemaManagementToolCoordinator.performDatabaseAction(SchemaManagementToolCoordinator.java:284) ~[hibernate-core-6.1.6.Final.jar!/:6.1.6.Final]
	at org.hibernate.tool.schema.spi.SchemaManagementToolCoordinator.lambda$process$5(SchemaManagementToolCoordinator.java:143) ~[hibernate-core-6.1.6.Final.jar!/:6.1.6.Final]
	at java.base/java.util.HashMap.forEach(HashMap.java:1429) ~[na:na]
	at org.hibernate.tool.schema.spi.SchemaManagementToolCoordinator.process(SchemaManagementToolCoordinator.java:140) ~[hibernate-core-6.1.6.Final.jar!/:6.1.6.Final]
	at org.hibernate.internal.SessionFactoryImpl.<init>(SessionFactoryImpl.java:336) ~[hibernate-core-6.1.6.Final.jar!/:6.1.6.Final]
	at org.hibernate.boot.internal.SessionFactoryBuilderImpl.build(SessionFactoryBuilderImpl.java:415) ~[hibernate-core-6.1.6.Final.jar!/:6.1.6.Final]
	at org.hibernate.jpa.boot.internal.EntityManagerFactoryBuilderImpl.build(EntityManagerFactoryBuilderImpl.java:1425) ~[hibernate-core-6.1.6.Final.jar!/:6.1.6.Final]
	at org.springframework.orm.jpa.vendor.SpringHibernateJpaPersistenceProvider.createContainerEntityManagerFactory(SpringHibernateJpaPersistenceProvider.java:66) ~[spring-orm-6.0.3.jar!/:6.0.3]
	at org.springframework.orm.jpa.LocalContainerEntityManagerFactoryBean.createNativeEntityManagerFactory(LocalContainerEntityManagerFactoryBean.java:376) ~[spring-orm-6.0.3.jar!/:6.0.3]
	at org.springframework.orm.jpa.AbstractEntityManagerFactoryBean.buildNativeEntityManagerFactory(AbstractEntityManagerFactoryBean.java:409) ~[spring-orm-6.0.3.jar!/:6.0.3]
	at org.springframework.orm.jpa.AbstractEntityManagerFactoryBean.afterPropertiesSet(AbstractEntityManagerFactoryBean.java:396) ~[spring-orm-6.0.3.jar!/:6.0.3]
	at org.springframework.orm.jpa.LocalContainerEntityManagerFactoryBean.afterPropertiesSet(LocalContainerEntityManagerFactoryBean.java:352) ~[spring-orm-6.0.3.jar!/:6.0.3]
	at org.springframework.beans.factory.support.AbstractAutowireCapableBeanFactory.invokeInitMethods(AbstractAutowireCapableBeanFactory.java:1797) ~[spring-beans-6.0.3.jar!/:6.0.3]
	at org.springframework.beans.factory.support.AbstractAutowireCapableBeanFactory.initializeBean(AbstractAutowireCapableBeanFactory.java:1747) ~[spring-beans-6.0.3.jar!/:6.0.3]
	at org.springframework.beans.factory.support.AbstractAutowireCapableBeanFactory.doCreateBean(AbstractAutowireCapableBeanFactory.java:599) ~[spring-beans-6.0.3.jar!/:6.0.3]
	at org.springframework.beans.factory.support.AbstractAutowireCapableBeanFactory.createBean(AbstractAutowireCapableBeanFactory.java:521) ~[spring-beans-6.0.3.jar!/:6.0.3]
	at org.springframework.beans.factory.support.AbstractBeanFactory.lambda$doGetBean$0(AbstractBeanFactory.java:326) ~[spring-beans-6.0.3.jar!/:6.0.3]
	at org.springframework.beans.factory.support.DefaultSingletonBeanRegistry.getSingleton(DefaultSingletonBeanRegistry.java:234) ~[spring-beans-6.0.3.jar!/:6.0.3]
	at org.springframework.beans.factory.support.AbstractBeanFactory.doGetBean(AbstractBeanFactory.java:324) ~[spring-beans-6.0.3.jar!/:6.0.3]
	at org.springframework.beans.factory.support.AbstractBeanFactory.getBean(AbstractBeanFactory.java:200) ~[spring-beans-6.0.3.jar!/:6.0.3]
	at org.springframework.context.support.AbstractApplicationContext.getBean(AbstractApplicationContext.java:1130) ~[spring-context-6.0.3.jar!/:6.0.3]
	at org.springframework.context.support.AbstractApplicationContext.finishBeanFactoryInitialization(AbstractApplicationContext.java:905) ~[spring-context-6.0.3.jar!/:6.0.3]
	at org.springframework.context.support.AbstractApplicationContext.refresh(AbstractApplicationContext.java:584) ~[spring-context-6.0.3.jar!/:6.0.3]
	at org.springframework.boot.web.servlet.context.ServletWebServerApplicationContext.refresh(ServletWebServerApplicationContext.java:146) ~[spring-boot-3.0.1.jar!/:3.0.1]
	at org.springframework.boot.SpringApplication.refresh(SpringApplication.java:730) ~[spring-boot-3.0.1.jar!/:3.0.1]
	at org.springframework.boot.SpringApplication.refreshContext(SpringApplication.java:432) ~[spring-boot-3.0.1.jar!/:3.0.1]
	at org.springframework.boot.SpringApplication.run(SpringApplication.java:308) ~[spring-boot-3.0.1.jar!/:3.0.1]
	at org.springframework.boot.SpringApplication.run(SpringApplication.java:1302) ~[spring-boot-3.0.1.jar!/:3.0.1]
	at org.springframework.boot.SpringApplication.run(SpringApplication.java:1291) ~[spring-boot-3.0.1.jar!/:3.0.1]
	at io.dnajd.projectservice.ProjectServiceApplicationKt.main(ProjectServiceApplication.kt:13) ~[classes!/:0.0.1-SNAPSHOT]
	at java.base/jdk.internal.reflect.DirectMethodHandleAccessor.invoke(DirectMethodHandleAccessor.java:104) ~[na:na]
	at java.base/java.lang.reflect.Method.invoke(Method.java:578) ~[na:na]
	at org.springframework.boot.loader.MainMethodRunner.run(MainMethodRunner.java:49) ~[project-service-0.0.1-SNAPSHOT.jar:0.0.1-SNAPSHOT]
	at org.springframework.boot.loader.Launcher.launch(Launcher.java:95) ~[project-service-0.0.1-SNAPSHOT.jar:0.0.1-SNAPSHOT]
	at org.springframework.boot.loader.Launcher.launch(Launcher.java:58) ~[project-service-0.0.1-SNAPSHOT.jar:0.0.1-SNAPSHOT]
	at org.springframework.boot.loader.JarLauncher.main(JarLauncher.java:65) ~[project-service-0.0.1-SNAPSHOT.jar:0.0.1-SNAPSHOT]
Caused by: java.sql.SQLSyntaxErrorException: You have an error in your SQL syntax; check the manual that corresponds to your MySQL server version for the right syntax to use near 'by default as identity, created_at timestamp(6), description varchar(255), owner' at line 1
	at com.mysql.cj.jdbc.exceptions.SQLError.createSQLException(SQLError.java:120) ~[mysql-connector-j-8.0.31.jar!/:8.0.31]
	at com.mysql.cj.jdbc.exceptions.SQLExceptionsMapping.translateException(SQLExceptionsMapping.java:122) ~[mysql-connector-j-8.0.31.jar!/:8.0.31]
	at com.mysql.cj.jdbc.StatementImpl.executeInternal(StatementImpl.java:763) ~[mysql-connector-j-8.0.31.jar!/:8.0.31]
	at com.mysql.cj.jdbc.StatementImpl.execute(StatementImpl.java:648) ~[mysql-connector-j-8.0.31.jar!/:8.0.31]
	at com.zaxxer.hikari.pool.ProxyStatement.execute(ProxyStatement.java:94) ~[HikariCP-5.0.1.jar!/:na]
	at com.zaxxer.hikari.pool.HikariProxyStatement.execute(HikariProxyStatement.java) ~[HikariCP-5.0.1.jar!/:na]
	at org.hibernate.tool.schema.internal.exec.GenerationTargetToDatabase.accept(GenerationTargetToDatabase.java:54) ~[hibernate-core-6.1.6.Final.jar!/:6.1.6.Final]
	... 42 common frames omitted

2023-01-01T20:42:52.390+01:00  INFO 19674 --- [           main] o.h.e.t.j.p.i.JtaPlatformInitiator       : HHH000490: Using JtaPlatform implementation: [org.hibernate.engine.transaction.jta.platform.internal.NoJtaPlatform]
2023-01-01T20:42:52.400+01:00  INFO 19674 --- [           main] j.LocalContainerEntityManagerFactoryBean : Initialized JPA EntityManagerFactory for persistence unit 'default'
2023-01-01T20:42:53.915+01:00  WARN 19674 --- [           main] JpaBaseConfiguration$JpaWebConfiguration : spring.jpa.open-in-view is enabled by default. Therefore, database queries may be performed during view rendering. Explicitly configure spring.jpa.open-in-view to disable this warning
2023-01-01T20:42:55.603+01:00  INFO 19674 --- [           main] DiscoveryClientOptionalArgsConfiguration : Eureka HTTP Client uses RestTemplate.
2023-01-01T20:42:55.657+01:00  WARN 19674 --- [           main] iguration$LoadBalancerCaffeineWarnLogger : Spring Cloud LoadBalancer is currently working with the default cache. While this cache implementation is useful for development and tests, it's recommended to use Caffeine cache in production.You can switch to using Caffeine cache, by adding it and org.springframework.cache.caffeine.CaffeineCacheManager to the classpath.
2023-01-01T20:42:55.664+01:00  INFO 19674 --- [           main] o.s.b.a.e.web.EndpointLinksResolver      : Exposing 1 endpoint(s) beneath base path '/actuator'
2023-01-01T20:42:55.722+01:00  INFO 19674 --- [           main] o.s.c.n.eureka.InstanceInfoFactory       : Setting initial instance status as: STARTING
2023-01-01T20:42:55.820+01:00  INFO 19674 --- [           main] com.netflix.discovery.DiscoveryClient    : Initializing Eureka in region us-east-1
2023-01-01T20:42:55.827+01:00  INFO 19674 --- [           main] c.n.d.s.r.aws.ConfigClusterResolver      : Resolving eureka endpoints via configuration
2023-01-01T20:42:55.865+01:00  INFO 19674 --- [           main] com.netflix.discovery.DiscoveryClient    : Disable delta property : false
2023-01-01T20:42:55.865+01:00  INFO 19674 --- [           main] com.netflix.discovery.DiscoveryClient    : Single vip registry refresh property : null
2023-01-01T20:42:55.865+01:00  INFO 19674 --- [           main] com.netflix.discovery.DiscoveryClient    : Force full registry fetch : false
2023-01-01T20:42:55.865+01:00  INFO 19674 --- [           main] com.netflix.discovery.DiscoveryClient    : Application is null : false
2023-01-01T20:42:55.866+01:00  INFO 19674 --- [           main] com.netflix.discovery.DiscoveryClient    : Registered Applications size is zero : true
2023-01-01T20:42:55.866+01:00  INFO 19674 --- [           main] com.netflix.discovery.DiscoveryClient    : Application version is -1: true
2023-01-01T20:42:55.866+01:00  INFO 19674 --- [           main] com.netflix.discovery.DiscoveryClient    : Getting all instance registry info from the eureka server
2023-01-01T20:42:56.235+01:00  INFO 19674 --- [           main] com.netflix.discovery.DiscoveryClient    : The response status is 200
2023-01-01T20:42:56.239+01:00  INFO 19674 --- [           main] com.netflix.discovery.DiscoveryClient    : Starting heartbeat executor: renew interval is: 30
2023-01-01T20:42:56.242+01:00  INFO 19674 --- [           main] c.n.discovery.InstanceInfoReplicator     : InstanceInfoReplicator onDemand update allowed rate per min is 4
2023-01-01T20:42:56.248+01:00  INFO 19674 --- [           main] com.netflix.discovery.DiscoveryClient    : Discovery Client initialized at timestamp 1672602176247 with initial instances count: 1
2023-01-01T20:42:56.250+01:00  INFO 19674 --- [           main] o.s.c.n.e.s.EurekaServiceRegistry        : Registering application PROJECT-SERVICE with eureka with status UP
2023-01-01T20:42:56.251+01:00  INFO 19674 --- [           main] com.netflix.discovery.DiscoveryClient    : Saw local status change event StatusChangeEvent [timestamp=1672602176251, current=UP, previous=STARTING]
2023-01-01T20:42:56.253+01:00  INFO 19674 --- [nfoReplicator-0] com.netflix.discovery.DiscoveryClient    : DiscoveryClient_PROJECT-SERVICE/192.168.1.150:project-service:8091: registering service...
2023-01-01T20:42:56.267+01:00  INFO 19674 --- [           main] o.s.b.w.embedded.tomcat.TomcatWebServer  : Tomcat started on port(s): 8091 (http) with context path ''
2023-01-01T20:42:56.267+01:00  INFO 19674 --- [           main] .s.c.n.e.s.EurekaAutoServiceRegistration : Updating port to 8091
2023-01-01T20:42:56.308+01:00  INFO 19674 --- [nfoReplicator-0] com.netflix.discovery.DiscoveryClient    : DiscoveryClient_PROJECT-SERVICE/192.168.1.150:project-service:8091 - registration status: 204
2023-01-01T20:42:56.430+01:00  INFO 19674 --- [           main] i.d.p.ProjectServiceApplicationKt        : Started ProjectServiceApplicationKt in 10.587 seconds (process running for 11.408)
2023-01-01T20:43:00.349+01:00  INFO 19674 --- [nio-8091-exec-1] o.a.c.c.C.[Tomcat].[localhost].[/]       : Initializing Spring DispatcherServlet 'dispatcherServlet'
2023-01-01T20:43:00.349+01:00  INFO 19674 --- [nio-8091-exec-1] o.s.web.servlet.DispatcherServlet        : Initializing Servlet 'dispatcherServlet'
2023-01-01T20:43:00.350+01:00  INFO 19674 --- [nio-8091-exec-1] o.s.web.servlet.DispatcherServlet        : Completed initialization in 1 ms
